[INFO] Scanning for projects...
[INFO] 
[INFO] --------------------< com.mobile-shop:mobile-shop >---------------------
[INFO] Building MobileShop 1.0.0
[INFO]   from pom.xml
[INFO] --------------------------------[ jar ]---------------------------------
[INFO] 
[INFO] >>> spring-boot:4.0.3:run (default-cli) > test-compile @ mobile-shop >>>
[INFO] 
[INFO] --- resources:3.3.1:resources (default-resources) @ mobile-shop ---
[INFO] Copying 1 resource from src\main\resources to target\classes
[INFO] Copying 20 resources from src\main\resources to target\classes
[INFO] 
[INFO] --- compiler:3.14.1:compile (default-compile) @ mobile-shop ---
[INFO] Nothing to compile - all classes are up to date.
[INFO] 
[INFO] --- resources:3.3.1:testResources (default-testResources) @ mobile-shop ---
[INFO] skip non existing resourceDirectory C:\Users\Khuslal\OneDrive\Desktop\All Java Projects\mobile_shop\mobile_shop\src\test\resources
[INFO] 
[INFO] --- compiler:3.14.1:testCompile (default-testCompile) @ mobile-shop ---
[INFO] No sources to compile
[INFO] 
[INFO] <<< spring-boot:4.0.3:run (default-cli) < test-compile @ mobile-shop <<<
[INFO] 
[INFO] 
[INFO] --- spring-boot:4.0.3:run (default-cli) @ mobile-shop ---
[INFO] Attaching agents: []

  .   ____          _            __ _ _
 /\\ / ___'_ __ _ _(_)_ __  __ _ \ \ \ \
( ( )\___ | '_ | '_| | '_ \/ _` | \ \ \ \
 \\/  ___)| |_)| | | | | || (_| |  ) ) ) )
  '  |____| .__|_| |_|_| |_\__, | / / / /
 =========|_|==============|___/=/_/_/_/

 :: Spring Boot ::                (v4.0.3)

2026-03-01T23:18:20.536+05:45  INFO 4208 --- [mobile_shop] [           main] c.m.mobile_shop.MobileShopApplication    : Starting MobileShopApplication using Java 25.0.1 with PID 4208 (C:\Users\Khuslal\OneDrive\Desktop\All Java Projects\mobile_shop\mobile_shop\target\classes started by Khuslal in C:\Users\Khuslal\OneDrive\Desktop\All Java Projects\mobile_shop\mobile_shop)
2026-03-01T23:18:20.539+05:45  INFO 4208 --- [mobile_shop] [           main] c.m.mobile_shop.MobileShopApplication    : No active profile set, falling back to 1 default profile: "default"
2026-03-01T23:18:21.127+05:45  INFO 4208 --- [mobile_shop] [           main] .s.d.r.c.RepositoryConfigurationDelegate : Bootstrapping Spring Data JPA repositories in DEFAULT mode.
2026-03-01T23:18:21.182+05:45  INFO 4208 --- [mobile_shop] [           main] .s.d.r.c.RepositoryConfigurationDelegate : Finished Spring Data repository scanning in 47 ms. Found 6 JPA repository interfaces.
2026-03-01T23:18:21.627+05:45  INFO 4208 --- [mobile_shop] [           main] o.s.boot.tomcat.TomcatWebServer          : Tomcat initialized with port 8080 (http)
2026-03-01T23:18:21.638+05:45  INFO 4208 --- [mobile_shop] [           main] o.apache.catalina.core.StandardService   : Starting service [Tomcat]
2026-03-01T23:18:21.639+05:45  INFO 4208 --- [mobile_shop] [           main] o.apache.catalina.core.StandardEngine    : Starting Servlet engine: [Apache Tomcat/11.0.18]
2026-03-01T23:18:21.698+05:45  INFO 4208 --- [mobile_shop] [           main] b.w.c.s.WebApplicationContextInitializer : Root WebApplicationContext: initialization completed in 1120 ms
2026-03-01T23:18:21.848+05:45  INFO 4208 --- [mobile_shop] [           main] org.hibernate.orm.jpa                    : HHH008540: Processing PersistenceUnitInfo [name: default]
2026-03-01T23:18:21.920+05:45  INFO 4208 --- [mobile_shop] [           main] org.hibernate.orm.core                   : HHH000001: Hibernate ORM core version 7.2.4.Final
2026-03-01T23:18:22.322+05:45  INFO 4208 --- [mobile_shop] [           main] o.s.o.j.p.SpringPersistenceUnitInfo      : No LoadTimeWeaver setup: ignoring JPA class transformer
2026-03-01T23:18:22.359+05:45  INFO 4208 --- [mobile_shop] [           main] com.zaxxer.hikari.HikariDataSource       : HikariPool-1 - Starting...
2026-03-01T23:18:22.520+05:45  INFO 4208 --- [mobile_shop] [           main] com.zaxxer.hikari.pool.HikariPool        : HikariPool-1 - Added connection com.mysql.cj.jdbc.ConnectionImpl@924f3f1
2026-03-01T23:18:22.522+05:45  INFO 4208 --- [mobile_shop] [           main] com.zaxxer.hikari.HikariDataSource       : HikariPool-1 - Start completed.
2026-03-01T23:18:22.578+05:45  WARN 4208 --- [mobile_shop] [           main] org.hibernate.orm.deprecation            : HHH90000025: MySQLDialect does not need to be specified explicitly using 'hibernate.dialect' (remove the property setting and it will be selected by default)
2026-03-01T23:18:22.596+05:45  INFO 4208 --- [mobile_shop] [           main] org.hibernate.orm.connections.pooling    : HHH10001005: Database info:
	Database JDBC URL [jdbc:mysql://localhost:3306/mobile_shop?createDatabaseIfNotExist=true&useSSL=false&allowPublicKeyRetrieval=true]
	Database driver: MySQL Connector/J
	Database dialect: MySQLDialect
	Database version: 8.0.44
	Default catalog/schema: mobile_shop/undefined
	Autocommit mode: undefined/unknown
	Isolation level: REPEATABLE_READ [default REPEATABLE_READ]
	JDBC fetch size: none
	Pool: DataSourceConnectionProvider
	Minimum pool size: undefined/unknown
	Maximum pool size: undefined/unknown
2026-03-01T23:18:23.548+05:45  INFO 4208 --- [mobile_shop] [           main] org.hibernate.orm.core                   : HHH000489: No JTA platform available (set 'hibernate.transaction.jta.platform' to enable JTA platform integration)
2026-03-01T23:18:23.627+05:45  INFO 4208 --- [mobile_shop] [           main] j.LocalContainerEntityManagerFactoryBean : Initialized JPA EntityManagerFactory for persistence unit 'default'
2026-03-01T23:18:23.687+05:45  INFO 4208 --- [mobile_shop] [           main] o.s.d.j.r.query.QueryEnhancerFactories   : Hibernate is in classpath; If applicable, HQL parser will be used.
2026-03-01T23:18:24.384+05:45  WARN 4208 --- [mobile_shop] [           main] JpaBaseConfiguration$JpaWebConfiguration : spring.jpa.open-in-view is enabled by default. Therefore, database queries may be performed during view rendering. Explicitly configure spring.jpa.open-in-view to disable this warning
2026-03-01T23:18:24.440+05:45  INFO 4208 --- [mobile_shop] [           main] r$InitializeUserDetailsManagerConfigurer : Global AuthenticationManager configured with UserDetailsService bean with name appUserDetailsService
2026-03-01T23:18:24.561+05:45  INFO 4208 --- [mobile_shop] [           main] o.s.b.w.a.WelcomePageHandlerMapping      : Adding welcome page template: index
2026-03-01T23:18:24.779+05:45  WARN 4208 --- [mobile_shop] [           main] ConfigServletWebServerApplicationContext : Exception encountered during context initialization - cancelling refresh attempt: org.springframework.context.ApplicationContextException: Failed to start bean 'webServerStartStop'
2026-03-01T23:18:24.781+05:45  INFO 4208 --- [mobile_shop] [           main] j.LocalContainerEntityManagerFactoryBean : Closing JPA EntityManagerFactory for persistence unit 'default'
2026-03-01T23:18:24.784+05:45  INFO 4208 --- [mobile_shop] [           main] com.zaxxer.hikari.HikariDataSource       : HikariPool-1 - Shutdown initiated...
2026-03-01T23:18:24.790+05:45  INFO 4208 --- [mobile_shop] [           main] com.zaxxer.hikari.HikariDataSource       : HikariPool-1 - Shutdown completed.
2026-03-01T23:18:24.801+05:45  INFO 4208 --- [mobile_shop] [           main] .s.b.a.l.ConditionEvaluationReportLogger : 

Error starting ApplicationContext. To display the condition evaluation report re-run your application with 'debug' enabled.
2026-03-01T23:18:24.812+05:45 ERROR 4208 --- [mobile_shop] [           main] o.s.b.d.LoggingFailureAnalysisReporter   : 

***************************
APPLICATION FAILED TO START
***************************

Description:

Web server failed to start. Port 8080 was already in use.

Action:

Identify and stop the process that's listening on port 8080 or configure this application to listen on another port.

[INFO] ------------------------------------------------------------------------
[INFO] BUILD FAILURE
[INFO] ------------------------------------------------------------------------
[INFO] Total time:  6.544 s
[INFO] Finished at: 2026-03-01T23:18:24+05:45
[INFO] ------------------------------------------------------------------------
[ERROR] Failed to execute goal org.springframework.boot:spring-boot-maven-plugin:4.0.3:run (default-cli) on project mobile-shop: Process terminated with exit code: 1 -> [Help 1]
[ERROR] 
[ERROR] To see the full stack trace of the errors, re-run Maven with the -e switch.
[ERROR] Re-run Maven using the -X switch to enable full debug logging.
[ERROR] 
[ERROR] For more information about the errors and possible solutions, please read the following articles:
[ERROR] [Help 1] http://cwiki.apache.org/confluence/display/MAVEN/MojoExecutionException
